08/19/2019 05:03:02 AM - INFO: start ---------------------------------------------
08/19/2019 05:03:02 AM - INFO: current index=1
08/19/2019 05:03:02 AM - INFO: run Ron
08/19/2019 05:03:07 AM - INFO: K4SFC
08/19/2019 05:03:07 AM - INFO: ron.childress1@gmail.com
08/19/2019 05:03:07 AM - INFO: 706-231-6547
08/19/2019 05:03:09 AM - INFO: try guess
08/19/2019 05:03:10 AM - INFO: Question has NOT been answered today.
08/19/2019 05:03:14 AM - INFO: 1 is the WRONG index!
08/19/2019 05:13:29 AM - INFO: current index=2
08/19/2019 05:13:29 AM - INFO: run r9ULw
08/19/2019 05:13:35 AM - INFO: r9ULw
08/19/2019 05:13:35 AM - INFO: r9ULw@gmail.com
08/19/2019 05:13:35 AM - INFO: 446-739-3694
08/19/2019 05:13:36 AM - INFO: try guess
08/19/2019 05:13:40 AM - INFO: Question has NOT been answered today.
08/19/2019 05:13:43 AM - INFO: 2 is the WRONG index!
08/19/2019 05:13:43 AM - INFO: current index=3
08/19/2019 05:13:43 AM - INFO: run v3vup
08/19/2019 05:13:48 AM - INFO: v3vup
08/19/2019 05:13:48 AM - INFO: v3vup@gmail.com
08/19/2019 05:13:48 AM - INFO: 29-708-3661
08/19/2019 05:13:49 AM - INFO: try guess
08/19/2019 05:13:51 AM - INFO: Question has NOT been answered today.
08/19/2019 05:13:55 AM - INFO: 3 is the RIGHT index!
08/19/2019 05:13:55 AM - INFO: current index=3
08/19/2019 05:13:55 AM - INFO: sleep then run N9YO
08/19/2019 05:44:00 AM - INFO: N9YO
08/19/2019 05:44:00 AM - INFO: codingisforyou@outlook.com
08/19/2019 05:44:00 AM - INFO: 636-542-8220
08/19/2019 05:44:01 AM - INFO: try guess
08/19/2019 05:44:03 AM - INFO: Question has NOT been answered today.
08/19/2019 05:44:06 AM - INFO: 3 is the RIGHT index!
08/19/2019 05:44:06 AM - INFO: end  ---------------------------------------------
08/20/2019 05:03:02 AM - INFO: start ---------------------------------------------
08/20/2019 05:03:02 AM - INFO: current index=1
08/20/2019 05:03:02 AM - INFO: run Ron
08/20/2019 05:03:09 AM - INFO: K4SFC
08/20/2019 05:03:09 AM - INFO: ron.childress1@gmail.com
08/20/2019 05:03:09 AM - INFO: 706-231-6547
08/20/2019 05:03:10 AM - INFO: try guess
08/20/2019 05:03:12 AM - INFO: Question has NOT been answered today.
08/20/2019 05:03:15 AM - INFO: 1 is the WRONG index!
08/20/2019 05:13:31 AM - INFO: current index=2
08/20/2019 05:13:31 AM - INFO: run w2NvL
08/20/2019 05:13:37 AM - INFO: w2NvL
08/20/2019 05:13:37 AM - INFO: w2NvL@gmail.com
08/20/2019 05:13:37 AM - INFO: 368-346-8151
08/20/2019 05:13:38 AM - INFO: try guess
08/20/2019 05:13:40 AM - INFO: Question has NOT been answered today.
08/20/2019 05:13:43 AM - INFO: 2 is the WRONG index!
08/20/2019 05:13:43 AM - INFO: current index=3
08/20/2019 05:13:43 AM - INFO: run z8Sdj
08/20/2019 05:13:48 AM - INFO: z8Sdj
08/20/2019 05:13:48 AM - INFO: z8Sdj@gmail.com
08/20/2019 05:13:48 AM - INFO: 342-339-2160
08/20/2019 05:13:49 AM - INFO: try guess
08/20/2019 05:13:52 AM - INFO: Question has NOT been answered today.
08/20/2019 05:13:56 AM - INFO: 3 is the RIGHT index!
08/20/2019 05:13:56 AM - INFO: current index=3
08/20/2019 05:13:56 AM - INFO: sleep then run N9YO
08/20/2019 05:44:03 AM - INFO: N9YO
08/20/2019 05:44:03 AM - INFO: codingisforyou@outlook.com
08/20/2019 05:44:03 AM - INFO: 636-542-8220
08/20/2019 05:44:04 AM - INFO: try guess
08/20/2019 05:44:06 AM - INFO: Question has NOT been answered today.
08/20/2019 05:44:09 AM - INFO: 3 is the RIGHT index!
08/20/2019 05:44:09 AM - INFO: end  ---------------------------------------------
08/21/2019 05:03:02 AM - INFO: start ---------------------------------------------
08/21/2019 05:03:02 AM - INFO: current index=1
08/21/2019 05:03:02 AM - INFO: run Ron
08/21/2019 05:03:07 AM - INFO: K4SFC
08/21/2019 05:03:07 AM - INFO: ron.childress1@gmail.com
08/21/2019 05:03:07 AM - INFO: 706-231-6547
08/21/2019 05:03:08 AM - INFO: try guess
08/21/2019 05:03:10 AM - INFO: Question has NOT been answered today.
08/21/2019 05:03:14 AM - INFO: 1 is the WRONG index!
08/21/2019 05:13:29 AM - INFO: current index=2
08/21/2019 05:13:29 AM - INFO: run G4kaY
08/21/2019 05:13:35 AM - INFO: G4kaY
08/21/2019 05:13:35 AM - INFO: G4kaY@gmail.com
08/21/2019 05:13:35 AM - INFO: 147-511-1249
08/21/2019 05:13:36 AM - INFO: try guess
08/21/2019 05:13:38 AM - INFO: Question has NOT been answered today.
08/21/2019 05:13:41 AM - INFO: 2 is the WRONG index!
08/21/2019 05:13:41 AM - INFO: current index=3
08/21/2019 05:13:41 AM - INFO: run u7rZD
08/21/2019 05:13:47 AM - INFO: u7rZD
08/21/2019 05:13:47 AM - INFO: u7rZD@gmail.com
08/21/2019 05:13:47 AM - INFO: 43-253-4303
08/21/2019 05:13:48 AM - INFO: try guess
08/21/2019 05:13:50 AM - INFO: Question has NOT been answered today.
08/21/2019 05:13:53 AM - INFO: 3 is the WRONG index!
08/21/2019 05:13:53 AM - INFO: current index=4
08/21/2019 05:13:53 AM - INFO: sleep then run N9YO
08/21/2019 05:44:00 AM - INFO: N9YO
08/21/2019 05:44:00 AM - INFO: codingisforyou@outlook.com
08/21/2019 05:44:00 AM - INFO: 636-542-8220
08/21/2019 05:44:01 AM - INFO: try guess
08/21/2019 05:44:03 AM - INFO: Question has NOT been answered today.
08/21/2019 05:44:06 AM - INFO: 4 is the RIGHT index!
08/21/2019 05:44:06 AM - INFO: end  ---------------------------------------------
08/22/2019 05:03:02 AM - INFO: start ---------------------------------------------
08/22/2019 05:03:02 AM - INFO: current index=1
08/22/2019 05:03:02 AM - INFO: run Ron
08/22/2019 05:03:08 AM - INFO: K4SFC
08/22/2019 05:03:08 AM - INFO: ron.childress1@gmail.com
08/22/2019 05:03:08 AM - INFO: 706-231-6547
08/22/2019 05:03:09 AM - INFO: try guess
08/22/2019 05:03:11 AM - INFO: Question has NOT been answered today.
08/22/2019 05:03:14 AM - INFO: 1 is the WRONG index!
08/22/2019 05:13:29 AM - INFO: current index=2
08/22/2019 05:13:29 AM - INFO: run L0GIq
08/22/2019 05:13:36 AM - INFO: L0GIq
08/22/2019 05:13:36 AM - INFO: L0GIq@gmail.com
08/22/2019 05:13:36 AM - INFO: 237-673-4306
08/22/2019 05:13:37 AM - INFO: try guess
08/22/2019 05:13:38 AM - INFO: Question has NOT been answered today.
08/22/2019 05:13:42 AM - INFO: 2 is the RIGHT index!
08/22/2019 05:13:42 AM - INFO: current index=2
08/22/2019 05:13:42 AM - INFO: sleep then run N9YO
08/22/2019 05:43:50 AM - INFO: N9YO
08/22/2019 05:43:50 AM - INFO: codingisforyou@outlook.com
08/22/2019 05:43:50 AM - INFO: 636-542-8220
08/22/2019 05:43:52 AM - INFO: try guess
08/22/2019 05:43:53 AM - INFO: Question has NOT been answered today.
08/22/2019 05:43:57 AM - INFO: 2 is the RIGHT index!
08/22/2019 05:43:57 AM - INFO: end  ---------------------------------------------
08/23/2019 05:03:02 AM - INFO: start ---------------------------------------------
08/23/2019 05:03:02 AM - INFO: current index=1
08/23/2019 05:03:02 AM - INFO: run Ron
08/23/2019 05:03:08 AM - INFO: error occurred
